2012-04-04 13:38:13 Debug: Notice (8): Use of undefined constant all - assumed 'all' in [C:\xampp\htdocs\meroticket\app\controllers\user_controller.php, line 14]
2012-04-04 14:13:58 Debug: Notice (8): Undefined index: u_Fname in [C:\xampp\htdocs\meroticket\app\views\user\index.ctp, line 9]
2012-04-04 14:14:09 Debug: Notice (8): Undefined index: u_Fname in [C:\xampp\htdocs\meroticket\app\views\user\index.ctp, line 9]
2012-04-04 14:14:26 Debug: Notice (8): Undefined index: u_Fname in [C:\xampp\htdocs\meroticket\app\views\user\index.ctp, line 10]
2012-04-04 14:14:34 Debug: Notice (8): Undefined index: u_Fname in [C:\xampp\htdocs\meroticket\app\views\user\index.ctp, line 10]
2012-04-04 14:15:25 Debug: Notice (8): Undefined index: u_Fname in [C:\xampp\htdocs\meroticket\app\views\user\index.ctp, line 10]
2012-04-05 01:46:43 Debug: Notice (8): Undefined variable: val in [C:\xampp\htdocs\meroticket\app\views\users\index.ctp, line 9]
2012-04-05 03:57:12 Debug: Notice (8): Undefined variable: userinfo in [C:\xampp\htdocs\meroticket\app\controllers\users_controller.php, line 21]
2012-04-05 03:57:26 Debug: Notice (8): Use of undefined constant userinfo - assumed 'userinfo' in [C:\xampp\htdocs\meroticket\app\controllers\users_controller.php, line 21]
2012-04-05 03:57:33 Debug: Notice (8): Undefined variable: userinfo in [C:\xampp\htdocs\meroticket\app\controllers\users_controller.php, line 21]
2012-04-05 08:45:05 Debug: Notice (8): Use of undefined constant aciton - assumed 'aciton' in [C:\xampp\htdocs\meroticket\app\views\users\index.ctp, line 16]
2012-04-05 13:28:28 Debug: Notice (8): Undefined property: UsersController::$Auth in [C:\xampp\htdocs\meroticket\app\controllers\users_controller.php, line 16]
2012-04-05 13:36:13 Debug: Notice (8): Undefined property: UsersController::$Auth in [C:\xampp\htdocs\meroticket\app\controllers\users_controller.php, line 17]
2012-04-05 13:37:11 Debug: Notice (8): Undefined property: UsersController::$Auth in [C:\xampp\htdocs\meroticket\app\controllers\users_controller.php, line 17]
2012-04-05 13:37:13 Debug: Notice (8): Undefined property: UsersController::$Auth in [C:\xampp\htdocs\meroticket\app\controllers\users_controller.php, line 17]
2012-04-05 13:37:13 Debug: Notice (8): Undefined property: UsersController::$Auth in [C:\xampp\htdocs\meroticket\app\controllers\users_controller.php, line 17]
2012-04-05 13:37:13 Debug: Notice (8): Undefined property: UsersController::$Auth in [C:\xampp\htdocs\meroticket\app\controllers\users_controller.php, line 17]
2012-04-05 13:38:06 Debug: Notice (8): Undefined property: UsersController::$Auth in [C:\xampp\htdocs\meroticket\app\controllers\users_controller.php, line 17]
2012-04-05 13:44:03 Debug: Notice (8): Undefined variable: val in [C:\xampp\htdocs\meroticket\app\views\users\index.ctp, line 9]
2012-04-06 01:49:53 Debug: Notice (8): Use of undefined constant MD5 - assumed 'MD5' in [C:\xampp\htdocs\meroticket\app\models\user.php, line 43]
2012-04-06 01:50:53 Debug: Notice (8): Use of undefined constant MD5 - assumed 'MD5' in [C:\xampp\htdocs\meroticket\app\models\user.php, line 43]
2012-04-06 02:30:36 Debug: Notice (8): Undefined property: AuthComponent::$user in [C:\xampp\htdocs\meroticket\app\app_controller.php, line 30]
2012-04-06 02:31:10 Debug: Notice (8): Undefined property: AuthComponent::$User in [C:\xampp\htdocs\meroticket\app\app_controller.php, line 30]
2012-04-06 02:32:37 Debug: Notice (8): Undefined property: AuthComponent::$User in [C:\xampp\htdocs\meroticket\app\app_controller.php, line 30]
2012-04-06 02:32:50 Debug: Notice (8): Undefined property: AuthComponent::$User in [C:\xampp\htdocs\meroticket\app\app_controller.php, line 30]
2012-04-06 02:34:03 Debug: Notice (8): Undefined property: AuthComponent::$User in [C:\xampp\htdocs\meroticket\app\app_controller.php, line 30]
2012-04-06 02:42:21 Debug: Notice (8): Undefined property: AuthComponent::$User in [C:\xampp\htdocs\meroticket\app\app_controller.php, line 30]
2012-04-06 02:43:36 Debug: Notice (8): Undefined property: AuthComponent::$User in [C:\xampp\htdocs\meroticket\app\app_controller.php, line 33]
2012-04-06 15:26:56 Debug: Notice (8): Undefined property: AuthComponent::$User in [C:\xampp\htdocs\meroticket\app\app_controller.php, line 33]
2012-04-06 15:27:24 Debug: Notice (8): Undefined property: AuthComponent::$User in [C:\xampp\htdocs\meroticket\app\app_controller.php, line 33]
2012-04-06 15:27:24 Debug: Notice (8): Use of undefined constant MD5 - assumed 'MD5' in [C:\xampp\htdocs\meroticket\app\models\user.php, line 43]
2012-04-06 15:28:11 Debug: Notice (8): Undefined property: AuthComponent::$User in [C:\xampp\htdocs\meroticket\app\app_controller.php, line 33]
2012-04-06 15:28:11 Debug: Notice (8): Use of undefined constant md5 - assumed 'md5' in [C:\xampp\htdocs\meroticket\app\models\user.php, line 43]
2012-04-06 15:28:33 Debug: Notice (8): Undefined property: AuthComponent::$User in [C:\xampp\htdocs\meroticket\app\app_controller.php, line 33]
2012-04-06 15:28:45 Debug: Notice (8): Undefined property: AuthComponent::$User in [C:\xampp\htdocs\meroticket\app\app_controller.php, line 33]
2012-04-06 15:29:00 Debug: Notice (8): Undefined property: AuthComponent::$User in [C:\xampp\htdocs\meroticket\app\app_controller.php, line 33]
2012-04-08 02:47:04 Debug: Notice (8): Undefined property: AuthComponent::$User in [C:\xampp\htdocs\meroticket\app\app_controller.php, line 33]
2012-04-08 02:51:57 Debug: Notice (8): Undefined property: AuthComponent::$User in [C:\xampp\htdocs\meroticket\app\app_controller.php, line 33]
2012-04-08 02:52:17 Debug: Notice (8): Undefined property: AuthComponent::$User in [C:\xampp\htdocs\meroticket\app\app_controller.php, line 33]
2012-04-08 02:52:32 Debug: Notice (8): Undefined property: AuthComponent::$User in [C:\xampp\htdocs\meroticket\app\app_controller.php, line 33]
2012-04-08 02:52:51 Debug: Notice (8): Undefined variable: User in [C:\xampp\htdocs\meroticket\app\app_controller.php, line 33]
2012-04-08 07:18:06 Debug: Notice (8): Object of class FormHelper to string conversion in [C:\xampp\htdocs\meroticket\app\views\users\login.ctp, line 5]
2012-04-08 07:18:06 Debug: Notice (8): Undefined property: View::$Object in [C:\xampp\htdocs\meroticket\app\views\users\login.ctp, line 5]
2012-04-08 07:18:25 Debug: Notice (8): Object of class SessionHelper to string conversion in [C:\xampp\htdocs\meroticket\app\views\users\login.ctp, line 4]
2012-04-08 07:18:25 Debug: Notice (8): Undefined property: View::$Object in [C:\xampp\htdocs\meroticket\app\views\users\login.ctp, line 4]
2012-04-08 07:18:49 Debug: Notice (8): Undefined property: View::$session in [C:\xampp\htdocs\meroticket\app\views\users\login.ctp, line 4]
2012-04-08 07:19:02 Debug: Notice (8): Undefined property: View::$form in [C:\xampp\htdocs\meroticket\app\views\users\login.ctp, line 5]
2012-04-08 07:20:13 Debug: Notice (8): Undefined variable: logged_in in [C:\xampp\htdocs\meroticket\app\views\layouts\default.ctp, line 44]
2012-04-08 07:20:57 Debug: Notice (8): Undefined variable: logged_in in [C:\xampp\htdocs\meroticket\app\views\layouts\default.ctp, line 44]
2012-04-08 07:21:00 Debug: Notice (8): Undefined variable: logged_in in [C:\xampp\htdocs\meroticket\app\views\layouts\default.ctp, line 44]
2012-04-08 07:25:24 Debug: Notice (8): Undefined variable: logged_in in [C:\xampp\htdocs\meroticket\app\views\layouts\default.ctp, line 44]
2012-04-08 07:25:28 Debug: Notice (8): Undefined variable: logged_in in [C:\xampp\htdocs\meroticket\app\views\layouts\default.ctp, line 44]
2012-04-08 07:25:35 Debug: Notice (8): Undefined variable: logged_in in [C:\xampp\htdocs\meroticket\app\views\layouts\default.ctp, line 44]
2012-04-08 07:26:47 Debug: Notice (8): Undefined variable: logged_in in [C:\xampp\htdocs\meroticket\app\views\layouts\default.ctp, line 44]
2012-04-08 07:27:00 Debug: Notice (8): Undefined variable: logged_in in [C:\xampp\htdocs\meroticket\app\views\layouts\default.ctp, line 44]
2012-04-08 07:29:40 Debug: Notice (8): Undefined variable: logged_in in [C:\xampp\htdocs\meroticket\app\views\layouts\default.ctp, line 44]
2012-04-08 07:29:47 Debug: Notice (8): Undefined variable: logged_in in [C:\xampp\htdocs\meroticket\app\views\layouts\default.ctp, line 44]
2012-04-08 07:31:44 Debug: Notice (8): Undefined variable: logged_in in [C:\xampp\htdocs\meroticket\app\views\layouts\default.ctp, line 44]
2012-04-08 07:31:48 Debug: Notice (8): Undefined variable: logged_in in [C:\xampp\htdocs\meroticket\app\views\layouts\default.ctp, line 44]
2012-04-08 07:33:39 Debug: Notice (8): Undefined variable: logged_in in [C:\xampp\htdocs\meroticket\app\views\layouts\default.ctp, line 44]
2012-04-08 07:38:27 Debug: Notice (8): Undefined variable: logged_in in [C:\xampp\htdocs\meroticket\app\views\layouts\default.ctp, line 44]
2012-04-08 07:39:11 Debug: Notice (8): Undefined variable: logged_in in [C:\xampp\htdocs\meroticket\app\views\layouts\default.ctp, line 44]
2012-04-08 07:39:34 Debug: Notice (8): Undefined variable: logged_in in [C:\xampp\htdocs\meroticket\app\views\layouts\default.ctp, line 44]
2012-04-08 07:39:43 Debug: Notice (8): Undefined variable: logged_in in [C:\xampp\htdocs\meroticket\app\views\layouts\default.ctp, line 44]
2012-04-08 07:39:53 Debug: Notice (8): Undefined variable: logged_in in [C:\xampp\htdocs\meroticket\app\views\layouts\default.ctp, line 44]
2012-04-08 07:40:56 Debug: Notice (8): Undefined variable: logged_in in [C:\xampp\htdocs\meroticket\app\views\layouts\default.ctp, line 44]
2012-04-08 07:41:01 Debug: Notice (8): Undefined variable: logged_in in [C:\xampp\htdocs\meroticket\app\views\layouts\default.ctp, line 44]
2012-04-08 07:41:11 Debug: Notice (8): Undefined variable: logged_in in [C:\xampp\htdocs\meroticket\app\views\layouts\default.ctp, line 44]
2012-04-08 07:41:22 Debug: Notice (8): Undefined variable: logged_in in [C:\xampp\htdocs\meroticket\app\views\layouts\default.ctp, line 44]
2012-04-08 07:41:31 Debug: Notice (8): Undefined variable: logged_in in [C:\xampp\htdocs\meroticket\app\views\layouts\default.ctp, line 44]
2012-04-08 07:47:32 Debug: Notice (8): Undefined variable: logged_in in [C:\xampp\htdocs\meroticket\app\views\layouts\default.ctp, line 44]
2012-04-08 07:47:44 Debug: Notice (8): Undefined variable: logged_in in [C:\xampp\htdocs\meroticket\app\views\layouts\default.ctp, line 44]
2012-04-08 07:48:06 Debug: Notice (8): Undefined variable: logged_in in [C:\xampp\htdocs\meroticket\app\views\layouts\default.ctp, line 44]
2012-04-08 07:48:56 Debug: Notice (8): Undefined variable: logged_in in [C:\xampp\htdocs\meroticket\app\views\layouts\default.ctp, line 44]
2012-04-08 07:49:02 Debug: Notice (8): Undefined variable: logged_in in [C:\xampp\htdocs\meroticket\app\views\layouts\default.ctp, line 44]
2012-04-08 07:50:00 Debug: Notice (8): Undefined variable: logged_in in [C:\xampp\htdocs\meroticket\app\views\layouts\default.ctp, line 44]
2012-04-08 07:50:11 Debug: Notice (8): Undefined variable: logged_in in [C:\xampp\htdocs\meroticket\app\views\layouts\default.ctp, line 44]
2012-04-08 07:57:20 Debug: Notice (8): Undefined variable: logged_in in [C:\xampp\htdocs\meroticket\app\views\layouts\default.ctp, line 44]
2012-04-08 07:57:37 Debug: Notice (8): Undefined variable: logged_in in [C:\xampp\htdocs\meroticket\app\views\layouts\default.ctp, line 44]
2012-04-08 07:57:51 Debug: Notice (8): Undefined variable: logged_in in [C:\xampp\htdocs\meroticket\app\views\layouts\default.ctp, line 44]
2012-04-08 08:00:06 Debug: Notice (8): Undefined variable: logged_in in [C:\xampp\htdocs\meroticket\app\views\layouts\default.ctp, line 44]
2012-04-08 08:00:14 Debug: Notice (8): Undefined variable: logged_in in [C:\xampp\htdocs\meroticket\app\views\layouts\default.ctp, line 44]
2012-04-08 08:00:26 Debug: Notice (8): Undefined variable: logged_in in [C:\xampp\htdocs\meroticket\app\views\layouts\default.ctp, line 44]
2012-04-08 08:00:36 Debug: Notice (8): Undefined variable: logged_in in [C:\xampp\htdocs\meroticket\app\views\layouts\default.ctp, line 44]
2012-04-08 08:02:13 Debug: Notice (8): Undefined variable: logged_in in [C:\xampp\htdocs\meroticket\app\views\layouts\default.ctp, line 44]
2012-04-08 08:02:26 Debug: Notice (8): Undefined variable: logged_in in [C:\xampp\htdocs\meroticket\app\views\layouts\default.ctp, line 44]
2012-04-08 08:02:57 Debug: Notice (8): Undefined variable: logged_in in [C:\xampp\htdocs\meroticket\app\views\layouts\default.ctp, line 44]
2012-04-08 08:03:10 Debug: Notice (8): Undefined variable: logged_in in [C:\xampp\htdocs\meroticket\app\views\layouts\default.ctp, line 44]
2012-04-08 08:03:20 Debug: Notice (8): Undefined variable: logged_in in [C:\xampp\htdocs\meroticket\app\views\layouts\default.ctp, line 44]
2012-04-08 08:06:49 Debug: Notice (8): Undefined variable: logged_in in [C:\xampp\htdocs\meroticket\app\views\layouts\default.ctp, line 44]
2012-04-08 08:07:02 Debug: Notice (8): Undefined variable: logged_in in [C:\xampp\htdocs\meroticket\app\views\layouts\default.ctp, line 44]
2012-04-08 08:11:03 Debug: Notice (8): Undefined variable: logged_in in [C:\xampp\htdocs\meroticket\app\views\layouts\default.ctp, line 44]
2012-04-08 08:11:14 Debug: Notice (8): Undefined variable: logged_in in [C:\xampp\htdocs\meroticket\app\views\layouts\default.ctp, line 44]
2012-04-08 08:12:18 Debug: Notice (8): Undefined variable: logged_in in [C:\xampp\htdocs\meroticket\app\views\layouts\default.ctp, line 44]
2012-04-08 08:12:27 Debug: Notice (8): Undefined variable: logged_in in [C:\xampp\htdocs\meroticket\app\views\layouts\default.ctp, line 44]
2012-04-08 08:13:04 Debug: Notice (8): Undefined variable: logged_in in [C:\xampp\htdocs\meroticket\app\views\layouts\default.ctp, line 44]
2012-04-08 08:14:42 Debug: Notice (8): Undefined variable: logged_in in [C:\xampp\htdocs\meroticket\app\views\layouts\default.ctp, line 44]
2012-04-08 08:15:13 Debug: Notice (8): Undefined variable: logged_in in [C:\xampp\htdocs\meroticket\app\views\layouts\default.ctp, line 44]
2012-04-08 08:15:16 Debug: Notice (8): Undefined variable: logged_in in [C:\xampp\htdocs\meroticket\app\views\layouts\default.ctp, line 44]
2012-04-08 08:15:22 Debug: Notice (8): Undefined variable: logged_in in [C:\xampp\htdocs\meroticket\app\views\layouts\default.ctp, line 44]
2012-04-08 08:15:55 Debug: Notice (8): Undefined variable: logged_in in [C:\xampp\htdocs\meroticket\app\views\layouts\default.ctp, line 44]
2012-04-08 08:15:57 Debug: Notice (8): Undefined variable: logged_in in [C:\xampp\htdocs\meroticket\app\views\layouts\default.ctp, line 44]
2012-04-08 08:16:05 Debug: Notice (8): Undefined variable: logged_in in [C:\xampp\htdocs\meroticket\app\views\layouts\default.ctp, line 44]
2012-04-08 08:16:17 Debug: Notice (8): Undefined variable: logged_in in [C:\xampp\htdocs\meroticket\app\views\layouts\default.ctp, line 44]
2012-04-08 08:16:49 Debug: Notice (8): Undefined variable: logged_in in [C:\xampp\htdocs\meroticket\app\views\layouts\default.ctp, line 44]
2012-04-08 08:16:56 Debug: Notice (8): Undefined variable: logged_in in [C:\xampp\htdocs\meroticket\app\views\layouts\default.ctp, line 44]
2012-04-08 08:17:46 Debug: Notice (8): Undefined variable: logged_in in [C:\xampp\htdocs\meroticket\app\views\layouts\default.ctp, line 44]
2012-04-08 08:17:58 Debug: Notice (8): Undefined variable: logged_in in [C:\xampp\htdocs\meroticket\app\views\layouts\default.ctp, line 44]
2012-04-08 08:18:38 Debug: Notice (8): Undefined variable: logged_in in [C:\xampp\htdocs\meroticket\app\views\layouts\default.ctp, line 44]
2012-04-08 08:18:40 Debug: Notice (8): Undefined variable: logged_in in [C:\xampp\htdocs\meroticket\app\views\layouts\default.ctp, line 44]
2012-04-08 08:19:01 Debug: Notice (8): Undefined variable: logged_in in [C:\xampp\htdocs\meroticket\app\views\layouts\default.ctp, line 44]
2012-04-08 08:19:19 Debug: Notice (8): Undefined variable: logged_in in [C:\xampp\htdocs\meroticket\app\views\layouts\default.ctp, line 44]
2012-04-08 08:20:15 Debug: Notice (8): Undefined variable: logged_in in [C:\xampp\htdocs\meroticket\app\views\layouts\default.ctp, line 44]
2012-04-08 08:20:28 Debug: Notice (8): Undefined variable: logged_in in [C:\xampp\htdocs\meroticket\app\views\layouts\default.ctp, line 44]
2012-04-08 08:20:47 Debug: Notice (8): Undefined variable: logged_in in [C:\xampp\htdocs\meroticket\app\views\layouts\default.ctp, line 44]
2012-04-08 08:23:14 Debug: Notice (8): Undefined variable: logged_in in [C:\xampp\htdocs\meroticket\app\views\layouts\default.ctp, line 44]
2012-04-08 08:24:59 Debug: Notice (8): Undefined variable: logged_in in [C:\xampp\htdocs\meroticket\app\views\layouts\default.ctp, line 44]
2012-04-08 08:25:13 Debug: Notice (8): Undefined variable: logged_in in [C:\xampp\htdocs\meroticket\app\views\layouts\default.ctp, line 44]
2012-04-08 08:25:24 Debug: Notice (8): Undefined variable: logged_in in [C:\xampp\htdocs\meroticket\app\views\layouts\default.ctp, line 44]
2012-04-08 08:26:26 Debug: Notice (8): Undefined variable: logged_in in [C:\xampp\htdocs\meroticket\app\views\layouts\default.ctp, line 44]
2012-04-08 08:35:52 Debug: Notice (8): Undefined variable: logged_in in [C:\xampp\htdocs\meroticket\app\views\layouts\default.ctp, line 44]
2012-04-08 08:36:01 Debug: Notice (8): Undefined variable: logged_in in [C:\xampp\htdocs\meroticket\app\views\layouts\default.ctp, line 44]
2012-04-08 08:36:10 Debug: Notice (8): Undefined variable: logged_in in [C:\xampp\htdocs\meroticket\app\views\layouts\default.ctp, line 44]
2012-04-08 08:36:32 Debug: Notice (8): Undefined variable: logged_in in [C:\xampp\htdocs\meroticket\app\views\layouts\default.ctp, line 44]
2012-04-08 08:36:58 Debug: Notice (8): Undefined variable: logged_in in [C:\xampp\htdocs\meroticket\app\views\layouts\default.ctp, line 44]
2012-04-08 08:37:26 Debug: Notice (8): Undefined variable: logged_in in [C:\xampp\htdocs\meroticket\app\views\layouts\default.ctp, line 44]
2012-04-08 08:37:57 Debug: Notice (8): Undefined variable: logged_in in [C:\xampp\htdocs\meroticket\app\views\layouts\default.ctp, line 44]
2012-04-08 08:38:54 Debug: Notice (8): Undefined variable: logged_in in [C:\xampp\htdocs\meroticket\app\views\layouts\default.ctp, line 44]
2012-04-08 08:39:35 Debug: Notice (8): Undefined variable: logged_in in [C:\xampp\htdocs\meroticket\app\views\layouts\default.ctp, line 44]
2012-04-08 08:41:39 Debug: Notice (8): Undefined variable: logged_in in [C:\xampp\htdocs\meroticket\app\views\layouts\default.ctp, line 44]
2012-04-08 08:43:59 Debug: Notice (8): Undefined variable: logged_in in [C:\xampp\htdocs\meroticket\app\views\layouts\default.ctp, line 44]
2012-04-08 09:07:40 Debug: Notice (8): Undefined variable: logged_in in [C:\xampp\htdocs\meroticket\app\views\layouts\default.ctp, line 48]
2012-04-08 09:08:22 Debug: Notice (8): Undefined variable: logged_in in [C:\xampp\htdocs\meroticket\app\views\layouts\default.ctp, line 48]
2012-04-08 09:09:36 Debug: Notice (8): Undefined variable: logged_in in [C:\xampp\htdocs\meroticket\app\views\layouts\default.ctp, line 48]
2012-04-08 09:09:39 Debug: Notice (8): Undefined variable: logged_in in [C:\xampp\htdocs\meroticket\app\views\layouts\default.ctp, line 48]
2012-04-08 09:09:59 Debug: Notice (8): Undefined variable: logged_in in [C:\xampp\htdocs\meroticket\app\views\layouts\default.ctp, line 48]
2012-04-08 09:10:01 Debug: Notice (8): Undefined variable: logged_in in [C:\xampp\htdocs\meroticket\app\views\layouts\default.ctp, line 48]
2012-04-08 09:10:04 Debug: Notice (8): Undefined variable: logged_in in [C:\xampp\htdocs\meroticket\app\views\layouts\default.ctp, line 48]
2012-04-08 09:10:16 Debug: Notice (8): Undefined variable: logged_in in [C:\xampp\htdocs\meroticket\app\views\layouts\default.ctp, line 48]
2012-04-08 09:10:26 Debug: Notice (8): Undefined variable: logged_in in [C:\xampp\htdocs\meroticket\app\views\layouts\default.ctp, line 48]
2012-04-08 09:12:03 Debug: Notice (8): Undefined variable: logged_in in [C:\xampp\htdocs\meroticket\app\views\layouts\default.ctp, line 48]
2012-04-08 09:12:06 Debug: Notice (8): Undefined variable: logged_in in [C:\xampp\htdocs\meroticket\app\views\layouts\default.ctp, line 48]
2012-04-08 09:18:43 Debug: Notice (8): Undefined variable: logged_in in [C:\xampp\htdocs\meroticket\app\views\layouts\default.ctp, line 48]
2012-04-08 09:18:53 Debug: Notice (8): Undefined variable: logged_in in [C:\xampp\htdocs\meroticket\app\views\layouts\default.ctp, line 48]
2012-04-08 09:19:19 Debug: Notice (8): Undefined variable: logged_in in [C:\xampp\htdocs\meroticket\app\views\layouts\default.ctp, line 48]
2012-04-08 09:19:38 Debug: Notice (8): Undefined variable: logged_in in [C:\xampp\htdocs\meroticket\app\views\layouts\default.ctp, line 48]
2012-04-08 09:20:00 Debug: Notice (8): Undefined variable: logged_in in [C:\xampp\htdocs\meroticket\app\views\layouts\default.ctp, line 48]
2012-04-08 09:20:07 Debug: Notice (8): Undefined variable: logged_in in [C:\xampp\htdocs\meroticket\app\views\layouts\default.ctp, line 48]
2012-04-08 09:20:16 Debug: Notice (8): Undefined variable: logged_in in [C:\xampp\htdocs\meroticket\app\views\layouts\default.ctp, line 48]
2012-04-08 09:20:24 Debug: Notice (8): Undefined variable: logged_in in [C:\xampp\htdocs\meroticket\app\views\layouts\default.ctp, line 48]
2012-04-08 09:21:14 Debug: Notice (8): Undefined variable: logged_in in [C:\xampp\htdocs\meroticket\app\views\layouts\default.ctp, line 48]
2012-04-08 09:22:08 Debug: Notice (8): Undefined variable: logged_in in [C:\xampp\htdocs\meroticket\app\views\layouts\default.ctp, line 48]
2012-04-08 09:22:18 Debug: Notice (8): Undefined variable: logged_in in [C:\xampp\htdocs\meroticket\app\views\layouts\default.ctp, line 48]
2012-04-08 09:22:35 Debug: Notice (8): Undefined variable: logged_in in [C:\xampp\htdocs\meroticket\app\views\layouts\default.ctp, line 48]
2012-04-08 09:24:51 Debug: Notice (8): Undefined variable: logged_in in [C:\xampp\htdocs\meroticket\app\views\layouts\default.ctp, line 48]
2012-04-08 09:24:58 Debug: Notice (8): Undefined variable: logged_in in [C:\xampp\htdocs\meroticket\app\views\layouts\default.ctp, line 48]
2012-04-08 09:24:59 Debug: Notice (8): Undefined variable: logged_in in [C:\xampp\htdocs\meroticket\app\views\layouts\default.ctp, line 48]
2012-04-08 09:28:12 Debug: Notice (8): Undefined variable: username in [C:\xampp\htdocs\meroticket\app\views\layouts\default.ctp, line 49]
2012-04-08 09:28:55 Debug: Notice (8): Undefined property: AuthComponent::$User in [C:\xampp\htdocs\meroticket\app\app_controller.php, line 38]
2012-04-08 09:31:02 Debug: Notice (8): Undefined property: AuthComponent::$User in [C:\xampp\htdocs\meroticket\app\app_controller.php, line 38]
2012-04-08 09:32:17 Debug: Notice (8): Undefined property: AuthComponent::$User in [C:\xampp\htdocs\meroticket\app\app_controller.php, line 38]
2012-04-08 09:32:51 Debug: Notice (8): Undefined property: AuthComponent::$User in [C:\xampp\htdocs\meroticket\app\app_controller.php, line 38]
2012-04-08 09:39:50 Debug: Notice (8): Undefined index: u_Fname in [C:\xampp\htdocs\meroticket\app\views\layouts\default.ctp, line 49]
2012-04-08 09:43:22 Debug: Notice (8): Undefined variable: logged_in in [C:\xampp\htdocs\meroticket\app\views\layouts\default.ctp, line 48]
2012-04-08 09:44:28 Debug: Notice (8): Undefined variable: logged_in in [C:\xampp\htdocs\meroticket\app\views\layouts\default.ctp, line 48]
2012-04-08 09:44:41 Debug: Notice (8): Undefined variable: logged_in in [C:\xampp\htdocs\meroticket\app\views\layouts\default.ctp, line 48]
2012-04-08 09:44:57 Debug: Notice (8): Undefined variable: logged_in in [C:\xampp\htdocs\meroticket\app\views\layouts\default.ctp, line 48]
2012-04-08 12:46:16 Debug: Notice (8): Undefined variable: logged_in in [C:\xampp\htdocs\meroticket\app\views\layouts\default.ctp, line 48]
2012-04-08 12:52:47 Debug: Notice (8): Undefined property: User::$User in [C:\xampp\htdocs\meroticket\app\models\app_model.php, line 50]
2012-04-08 12:52:47 Debug: Notice (8): Undefined property: User::$User in [C:\xampp\htdocs\meroticket\app\models\app_model.php, line 55]
2012-04-08 12:54:07 Debug: Notice (8): Undefined property: User::$User in [C:\xampp\htdocs\meroticket\app\models\app_model.php, line 51]
2012-04-08 12:54:07 Debug: Notice (8): Undefined property: User::$User in [C:\xampp\htdocs\meroticket\app\models\app_model.php, line 56]
2012-04-08 12:54:21 Debug: Notice (8): Undefined property: User::$User in [C:\xampp\htdocs\meroticket\app\models\app_model.php, line 56]
2012-04-08 12:55:00 Debug: Notice (8): Undefined index: shrijan in [C:\xampp\htdocs\meroticket\app\models\app_model.php, line 51]
2012-04-08 12:55:00 Debug: Notice (8): Undefined index:  in [C:\xampp\htdocs\meroticket\app\models\app_model.php, line 51]
2012-04-08 12:55:00 Debug: Notice (8): Undefined property: User::$dat in [C:\xampp\htdocs\meroticket\app\models\app_model.php, line 56]
2012-04-08 12:55:16 Debug: Notice (8): Undefined index: u_Fname in [C:\xampp\htdocs\meroticket\app\models\app_model.php, line 51]
2012-04-08 12:55:16 Debug: Notice (8): Undefined index: u_Lname in [C:\xampp\htdocs\meroticket\app\models\app_model.php, line 51]
2012-04-08 12:55:16 Debug: Notice (8): Undefined property: User::$dat in [C:\xampp\htdocs\meroticket\app\models\app_model.php, line 56]
2012-04-08 12:55:19 Debug: Notice (8): Undefined index: u_Fname in [C:\xampp\htdocs\meroticket\app\models\app_model.php, line 51]
2012-04-08 12:55:19 Debug: Notice (8): Undefined index: u_Lname in [C:\xampp\htdocs\meroticket\app\models\app_model.php, line 51]
2012-04-08 12:55:19 Debug: Notice (8): Undefined property: User::$dat in [C:\xampp\htdocs\meroticket\app\models\app_model.php, line 56]
2012-04-08 12:55:33 Debug: Notice (8): Undefined index: u_Fname in [C:\xampp\htdocs\meroticket\app\models\app_model.php, line 51]
2012-04-08 12:55:33 Debug: Notice (8): Undefined index: u_Lname in [C:\xampp\htdocs\meroticket\app\models\app_model.php, line 51]
2012-04-08 12:55:51 Debug: Notice (8): Undefined index: u_Fname in [C:\xampp\htdocs\meroticket\app\models\app_model.php, line 51]
2012-04-08 12:55:51 Debug: Notice (8): Undefined index: u_Lname in [C:\xampp\htdocs\meroticket\app\models\app_model.php, line 51]
2012-04-08 12:56:23 Debug: Notice (8): Undefined index: u_Fname in [C:\xampp\htdocs\meroticket\app\models\app_model.php, line 51]
2012-04-08 12:56:23 Debug: Notice (8): Undefined index: u_Lname in [C:\xampp\htdocs\meroticket\app\models\app_model.php, line 51]
2012-04-08 12:56:54 Debug: Notice (8): Undefined index: u_Fname in [C:\xampp\htdocs\meroticket\app\models\app_model.php, line 51]
2012-04-08 12:56:54 Debug: Notice (8): Undefined index: u_Lname in [C:\xampp\htdocs\meroticket\app\models\app_model.php, line 51]
2012-04-08 12:57:06 Debug: Notice (8): Undefined offset: 0 in [C:\xampp\htdocs\meroticket\app\models\app_model.php, line 50]
2012-04-08 12:57:06 Debug: Notice (8): Undefined index: u_Fname in [C:\xampp\htdocs\meroticket\app\models\app_model.php, line 51]
2012-04-08 12:57:06 Debug: Notice (8): Undefined index: u_Lname in [C:\xampp\htdocs\meroticket\app\models\app_model.php, line 51]
2012-04-08 12:57:25 Debug: Notice (8): Undefined index: u_Fname in [C:\xampp\htdocs\meroticket\app\models\app_model.php, line 51]
2012-04-08 12:57:25 Debug: Notice (8): Undefined index: u_Lname in [C:\xampp\htdocs\meroticket\app\models\app_model.php, line 51]
2012-04-08 16:11:59 Debug: Notice (8): Undefined variable: logged_in in [C:\xampp\htdocs\meroticket\app\controllers\users_controller.php, line 22]
2012-04-08 16:15:00 Debug: Notice (8): Undefined variable: logged_in in [C:\xampp\htdocs\meroticket\app\controllers\users_controller.php, line 22]
2012-04-08 16:17:00 Debug: Notice (8): Undefined property: UsersController::$users in [C:\xampp\htdocs\meroticket\app\controllers\users_controller.php, line 22]
2012-04-08 16:17:08 Debug: Notice (8): Undefined property: UsersController::$Users in [C:\xampp\htdocs\meroticket\app\controllers\users_controller.php, line 22]
2012-04-08 16:18:40 Debug: Notice (8): Undefined variable: logged_in in [C:\xampp\htdocs\meroticket\app\controllers\users_controller.php, line 23]
2012-04-08 16:18:55 Debug: Notice (8): Undefined variable: logged_in in [C:\xampp\htdocs\meroticket\app\controllers\users_controller.php, line 23]
2012-04-08 16:21:40 Debug: Notice (8): Undefined variable: logged_in in [C:\xampp\htdocs\meroticket\app\controllers\users_controller.php, line 23]
2012-04-08 16:37:48 Debug: Notice (8): Undefined variable: logged_in in [C:\xampp\htdocs\meroticket\app\views\layouts\default.ctp, line 48]
2012-04-08 16:38:29 Debug: Notice (8): Undefined variable: logged_in in [C:\xampp\htdocs\meroticket\app\views\layouts\default.ctp, line 48]
2012-04-08 16:43:31 Debug: Notice (8): Undefined variable: logged_in in [C:\xampp\htdocs\meroticket\app\views\layouts\default.ctp, line 48]
2012-04-08 16:43:37 Debug: Notice (8): Undefined variable: logged_in in [C:\xampp\htdocs\meroticket\app\views\layouts\default.ctp, line 48]
2012-04-08 17:00:26 Debug: Notice (8): Undefined variable: logged_in in [C:\xampp\htdocs\meroticket\app\views\layouts\default.ctp, line 48]
2012-04-09 07:15:21 Debug: Notice (8): Undefined variable: logged_in in [C:\xampp\htdocs\meroticket\app\views\layouts\default.ctp, line 48]
2012-04-09 07:15:33 Debug: Notice (8): Undefined variable: logged_in in [C:\xampp\htdocs\meroticket\app\views\layouts\default.ctp, line 48]
2012-04-09 14:18:38 Debug: Notice (8): Undefined variable: logged_in in [C:\xampp\htdocs\meroticket\app\views\layouts\default.ctp, line 48]
2012-04-09 14:19:58 Debug: Notice (8): Undefined variable: logged_in in [C:\xampp\htdocs\meroticket\app\views\layouts\default.ctp, line 48]
2012-04-09 14:20:26 Debug: Notice (8): Undefined variable: logged_in in [C:\xampp\htdocs\meroticket\app\views\layouts\default.ctp, line 48]
2012-04-09 14:21:57 Debug: Notice (8): Undefined variable: logged_in in [C:\xampp\htdocs\meroticket\app\views\layouts\default.ctp, line 48]
2012-04-09 14:22:07 Debug: Notice (8): Undefined index: email in [C:\xampp\htdocs\meroticket\app\models\user.php, line 55]
2012-04-09 14:22:07 Debug: Notice (8): Undefined index: Password_confirm in [C:\xampp\htdocs\meroticket\app\models\user.php, line 63]
2012-04-09 14:24:58 Debug: Notice (8): Undefined variable: logged_in in [C:\xampp\htdocs\meroticket\app\views\layouts\default.ctp, line 48]
2012-04-09 14:25:00 Debug: Notice (8): Undefined variable: logged_in in [C:\xampp\htdocs\meroticket\app\views\layouts\default.ctp, line 48]
2012-04-09 14:35:12 Debug: Notice (8): Undefined variable: logged_in in [C:\xampp\htdocs\meroticket\app\views\layouts\default.ctp, line 48]
2012-04-09 14:35:16 Debug: Notice (8): Undefined variable: logged_in in [C:\xampp\htdocs\meroticket\app\views\layouts\default.ctp, line 48]
2012-04-09 14:35:28 Debug: Notice (8): Undefined variable: logged_in in [C:\xampp\htdocs\meroticket\app\views\layouts\default.ctp, line 48]
2012-04-09 14:36:54 Debug: Notice (8): Undefined variable: logged_in in [C:\xampp\htdocs\meroticket\app\views\layouts\default.ctp, line 48]
2012-04-09 14:36:59 Debug: Notice (8): Undefined variable: logged_in in [C:\xampp\htdocs\meroticket\app\views\layouts\default.ctp, line 48]
2012-04-09 14:37:14 Debug: Notice (8): Undefined variable: logged_in in [C:\xampp\htdocs\meroticket\app\views\layouts\default.ctp, line 48]
2012-04-09 14:37:25 Debug: Notice (8): Undefined variable: logged_in in [C:\xampp\htdocs\meroticket\app\views\layouts\default.ctp, line 48]
2012-04-09 14:38:24 Debug: Notice (8): Undefined variable: logged_in in [C:\xampp\htdocs\meroticket\app\views\layouts\default.ctp, line 48]
2012-04-09 14:38:27 Debug: Notice (8): Undefined variable: logged_in in [C:\xampp\htdocs\meroticket\app\views\layouts\default.ctp, line 48]
2012-04-09 14:39:04 Debug: Notice (8): Undefined variable: logged_in in [C:\xampp\htdocs\meroticket\app\views\layouts\default.ctp, line 48]
2012-04-09 14:39:15 Debug: Notice (8): Undefined variable: logged_in in [C:\xampp\htdocs\meroticket\app\views\layouts\default.ctp, line 48]
2012-04-09 14:39:29 Debug: Notice (8): Undefined variable: logged_in in [C:\xampp\htdocs\meroticket\app\views\layouts\default.ctp, line 48]
2012-04-09 14:44:43 Debug: Notice (8): Undefined variable: logged_in in [C:\xampp\htdocs\meroticket\app\views\layouts\default.ctp, line 48]
2012-04-09 14:44:51 Debug: Notice (8): Undefined variable: logged_in in [C:\xampp\htdocs\meroticket\app\views\layouts\default.ctp, line 48]
2012-04-09 14:48:12 Debug: Notice (8): Undefined variable: logged_in in [C:\xampp\htdocs\meroticket\app\views\layouts\default.ctp, line 48]
2012-04-09 14:48:19 Debug: Notice (8): Undefined variable: logged_in in [C:\xampp\htdocs\meroticket\app\views\layouts\default.ctp, line 48]
2012-04-09 14:48:23 Debug: Notice (8): Undefined property: User::$_user in [C:\xampp\htdocs\meroticket\app\controllers\users_controller.php, line 22]
2012-04-09 14:48:26 Debug: Notice (8): Undefined variable: logged_in in [C:\xampp\htdocs\meroticket\app\views\layouts\default.ctp, line 48]
2012-04-09 14:48:37 Debug: Notice (8): Undefined variable: logged_in in [C:\xampp\htdocs\meroticket\app\views\layouts\default.ctp, line 48]
2012-04-09 14:48:38 Debug: Notice (8): Undefined variable: logged_in in [C:\xampp\htdocs\meroticket\app\views\layouts\default.ctp, line 48]
2012-04-09 14:48:43 Debug: Notice (8): Undefined variable: logged_in in [C:\xampp\htdocs\meroticket\app\views\layouts\default.ctp, line 48]
2012-04-09 14:48:45 Debug: Notice (8): Undefined property: User::$_user in [C:\xampp\htdocs\meroticket\app\controllers\users_controller.php, line 22]
2012-04-09 14:49:23 Debug: Notice (8): Undefined variable: logged_in in [C:\xampp\htdocs\meroticket\app\views\layouts\default.ctp, line 48]
2012-04-09 14:50:11 Debug: Notice (8): Undefined variable: logged_in in [C:\xampp\htdocs\meroticket\app\views\layouts\default.ctp, line 48]
2012-04-09 14:50:19 Debug: Notice (8): Undefined variable: logged_in in [C:\xampp\htdocs\meroticket\app\views\layouts\default.ctp, line 48]
2012-04-09 14:50:30 Debug: Notice (8): Undefined variable: logged_in in [C:\xampp\htdocs\meroticket\app\views\layouts\default.ctp, line 48]
2012-04-09 14:50:35 Debug: Notice (8): Undefined variable: logged_in in [C:\xampp\htdocs\meroticket\app\views\layouts\default.ctp, line 48]
2012-04-09 14:51:03 Debug: Notice (8): Undefined variable: logged_in in [C:\xampp\htdocs\meroticket\app\views\layouts\default.ctp, line 48]
2012-04-09 14:51:08 Debug: Notice (8): Undefined variable: logged_in in [C:\xampp\htdocs\meroticket\app\views\layouts\default.ctp, line 48]
2012-04-09 14:52:48 Debug: Notice (8): Undefined variable: logged_in in [C:\xampp\htdocs\meroticket\app\views\layouts\default.ctp, line 48]
2012-04-09 14:54:14 Debug: Notice (8): Undefined variable: logged_in in [C:\xampp\htdocs\meroticket\app\views\layouts\default.ctp, line 48]
2012-04-09 14:55:30 Debug: Notice (8): Undefined variable: logged_in in [C:\xampp\htdocs\meroticket\app\views\layouts\default.ctp, line 48]
2012-04-09 14:55:40 Debug: Notice (8): Undefined variable: logged_in in [C:\xampp\htdocs\meroticket\app\views\layouts\default.ctp, line 48]
2012-04-09 14:57:12 Debug: Notice (8): Undefined variable: logged_in in [C:\xampp\htdocs\meroticket\app\views\layouts\default.ctp, line 48]
2012-04-09 14:58:43 Debug: Notice (8): Undefined variable: logged_in in [C:\xampp\htdocs\meroticket\app\views\layouts\default.ctp, line 48]
2012-04-09 15:01:36 Debug: Notice (8): Array to string conversion in [C:\xampp\htdocs\meroticket\cake\libs\router.php, line 1573]
2012-04-09 15:11:22 Debug: Notice (8): Array to string conversion in [C:\xampp\htdocs\meroticket\cake\libs\router.php, line 1573]
2012-04-09 15:11:48 Debug: Notice (8): Array to string conversion in [C:\xampp\htdocs\meroticket\cake\libs\router.php, line 1573]
2012-04-09 15:11:57 Debug: Notice (8): Array to string conversion in [C:\xampp\htdocs\meroticket\cake\libs\router.php, line 1573]
2012-04-09 15:16:53 Debug: Notice (8): Undefined variable: logged_in in [C:\xampp\htdocs\meroticket\app\views\layouts\default.ctp, line 48]
2012-04-09 15:17:38 Debug: Notice (8): Undefined variable: logged_in in [C:\xampp\htdocs\meroticket\app\views\layouts\default.ctp, line 48]
2012-04-09 15:22:39 Debug: Notice (8): Undefined variable: logged_in in [C:\xampp\htdocs\meroticket\app\views\layouts\default.ctp, line 48]
2012-04-09 15:24:05 Debug: Notice (8): Undefined variable: logged_in in [C:\xampp\htdocs\meroticket\app\views\layouts\default.ctp, line 48]
2012-04-09 15:25:11 Debug: Notice (8): Undefined variable: logged_in in [C:\xampp\htdocs\meroticket\app\views\layouts\default.ctp, line 48]
2012-04-09 15:27:58 Debug: Notice (8): Undefined variable: logged_in in [C:\xampp\htdocs\meroticket\app\views\layouts\default.ctp, line 48]
2012-04-09 15:28:04 Debug: Notice (8): Undefined variable: logged_in in [C:\xampp\htdocs\meroticket\app\views\layouts\default.ctp, line 48]
2012-04-09 16:03:58 Debug: Notice (8): Undefined variable: logged_in in [C:\xampp\htdocs\meroticket\app\views\layouts\default.ctp, line 48]
2012-04-09 16:04:05 Debug: Notice (8): Undefined variable: logged_in in [C:\xampp\htdocs\meroticket\app\views\layouts\default.ctp, line 48]
2012-04-09 16:06:40 Debug: Notice (8): Undefined variable: logged_in in [C:\xampp\htdocs\meroticket\app\views\layouts\default.ctp, line 48]
2012-04-09 16:13:28 Debug: Notice (8): Undefined variable: logged_in in [C:\xampp\htdocs\meroticket\app\views\layouts\default.ctp, line 48]
2012-04-09 16:15:49 Debug: Notice (8): Undefined variable: logged_in in [C:\xampp\htdocs\meroticket\app\views\layouts\default.ctp, line 48]
2012-04-09 16:17:09 Debug: Notice (8): Undefined index: User in [C:\xampp\htdocs\meroticket\app\models\user.php, line 55]
2012-04-09 16:17:09 Debug: Notice (8): Undefined property: User::$_user in [C:\xampp\htdocs\meroticket\app\controllers\users_controller.php, line 30]
2012-04-09 16:17:09 Debug: Notice (8): Undefined variable: logged_in in [C:\xampp\htdocs\meroticket\app\views\layouts\default.ctp, line 48]
2012-04-09 16:17:14 Debug: Notice (8): Undefined index: User in [C:\xampp\htdocs\meroticket\app\models\user.php, line 55]
2012-04-09 16:17:14 Debug: Notice (8): Undefined property: User::$_user in [C:\xampp\htdocs\meroticket\app\controllers\users_controller.php, line 30]
2012-04-09 16:17:14 Debug: Notice (8): Undefined variable: logged_in in [C:\xampp\htdocs\meroticket\app\views\layouts\default.ctp, line 48]
2012-04-09 16:18:09 Debug: Notice (8): Undefined variable: logged_in in [C:\xampp\htdocs\meroticket\app\views\layouts\default.ctp, line 48]
2012-04-09 16:18:11 Debug: Notice (8): Undefined variable: logged_in in [C:\xampp\htdocs\meroticket\app\views\layouts\default.ctp, line 48]
2012-04-09 16:18:11 Debug: Notice (8): Undefined variable: logged_in in [C:\xampp\htdocs\meroticket\app\views\layouts\default.ctp, line 48]
2012-04-09 16:18:12 Debug: Notice (8): Undefined variable: logged_in in [C:\xampp\htdocs\meroticket\app\views\layouts\default.ctp, line 48]
2012-04-09 16:18:15 Debug: Notice (8): Undefined index: User in [C:\xampp\htdocs\meroticket\app\models\user.php, line 55]
2012-04-09 16:18:15 Debug: Notice (8): Undefined property: User::$_user in [C:\xampp\htdocs\meroticket\app\controllers\users_controller.php, line 30]
2012-04-09 16:18:15 Debug: Notice (8): Undefined variable: logged_in in [C:\xampp\htdocs\meroticket\app\views\layouts\default.ctp, line 48]
2012-04-09 16:19:05 Debug: Notice (8): Undefined index: User in [C:\xampp\htdocs\meroticket\app\models\user.php, line 55]
2012-04-09 17:04:11 Debug: Notice (8): Undefined property: SessionComponent::$flash in [C:\xampp\htdocs\meroticket\app\controllers\users_controller.php, line 24]
2012-04-09 17:17:47 Debug: Notice (8): Undefined variable: logged_in in [C:\xampp\htdocs\meroticket\app\views\layouts\default.ctp, line 48]
2012-04-12 14:50:29 Debug: Notice (8): Undefined variable: logged_in in [C:\xampp\htdocs\meroticket\app\views\layouts\default.ctp, line 48]
2012-04-12 15:03:51 Debug: Notice (8): Undefined variable: logged_in in [C:\xampp\htdocs\meroticket\app\views\layouts\default.ctp, line 48]
2012-04-12 15:04:15 Debug: Notice (8): Undefined variable: logged_in in [C:\xampp\htdocs\meroticket\app\views\layouts\default.ctp, line 48]
2012-04-12 15:32:18 Debug: Notice (8): Undefined index: email in [C:\xampp\htdocs\meroticket\app\models\user.php, line 55]
2012-04-12 15:32:18 Debug: Notice (8): Undefined index: Password_confirm in [C:\xampp\htdocs\meroticket\app\models\user.php, line 63]
2012-04-12 15:34:26 Debug: Notice (8): Undefined index: User in [C:\xampp\htdocs\meroticket\app\models\user.php, line 55]
2012-04-12 15:41:08 Debug: Notice (8): Undefined variable: lgin in [C:\xampp\htdocs\meroticket\app\views\users\index.ctp, line 2]
2012-04-12 15:44:32 Debug: Notice (8): Undefined variable: name in [C:\xampp\htdocs\meroticket\cake\libs\controller\components\session.php, line 174]
2012-04-12 15:45:30 Debug: Notice (8): Undefined variable: lgin in [C:\xampp\htdocs\meroticket\app\controllers\users_controller.php, line 41]
2012-04-12 15:54:02 Debug: Notice (8): Undefined variable: lgin in [C:\xampp\htdocs\meroticket\app\controllers\users_controller.php, line 40]
2012-04-12 15:54:21 Debug: Notice (8): Undefined variable: lgin in [C:\xampp\htdocs\meroticket\app\controllers\users_controller.php, line 40]
2012-04-12 15:54:31 Debug: Notice (8): Undefined variable: lgin in [C:\xampp\htdocs\meroticket\app\controllers\users_controller.php, line 40]
2012-04-12 15:54:33 Debug: Notice (8): Undefined variable: lgin in [C:\xampp\htdocs\meroticket\app\controllers\users_controller.php, line 40]
2012-04-12 15:54:42 Debug: Notice (8): Undefined variable: lgin in [C:\xampp\htdocs\meroticket\app\controllers\users_controller.php, line 40]
2012-04-12 15:55:25 Debug: Notice (8): Undefined variable: lgin in [C:\xampp\htdocs\meroticket\app\controllers\users_controller.php, line 40]
2012-04-12 15:55:37 Debug: Notice (8): Undefined variable: lgin in [C:\xampp\htdocs\meroticket\app\controllers\users_controller.php, line 40]
2012-04-12 16:03:31 Debug: Notice (8): Undefined variable: lgin in [C:\xampp\htdocs\meroticket\app\controllers\users_controller.php, line 38]
2012-04-12 16:05:33 Debug: Notice (8): Undefined variable: lgin in [C:\xampp\htdocs\meroticket\app\views\users\index.ctp, line 2]
2012-04-12 16:05:42 Debug: Notice (8): Undefined variable: logged_in in [C:\xampp\htdocs\meroticket\app\views\layouts\default.ctp, line 48]
2012-04-12 16:06:56 Debug: Notice (8): Undefined variable: logged_in in [C:\xampp\htdocs\meroticket\app\views\layouts\default.ctp, line 48]
2012-04-12 16:07:22 Debug: Notice (8): Undefined variable: logged_in in [C:\xampp\htdocs\meroticket\app\views\layouts\default.ctp, line 48]
2012-04-12 16:07:45 Debug: Notice (8): Undefined variable: logged_in in [C:\xampp\htdocs\meroticket\app\views\layouts\default.ctp, line 48]
2012-04-12 16:08:30 Debug: Notice (8): Undefined variable: logged_in in [C:\xampp\htdocs\meroticket\app\views\layouts\default.ctp, line 48]
2012-04-12 16:09:01 Debug: Notice (8): Undefined variable: logged_in in [C:\xampp\htdocs\meroticket\app\views\layouts\default.ctp, line 48]
2012-04-12 16:09:42 Debug: Notice (8): Undefined variable: logged_in in [C:\xampp\htdocs\meroticket\app\views\layouts\default.ctp, line 48]
2012-04-12 16:11:01 Debug: Notice (8): Undefined variable: logged_in in [C:\xampp\htdocs\meroticket\app\views\layouts\default.ctp, line 48]
2012-04-12 16:11:44 Debug: Notice (8): Undefined variable: logged_in in [C:\xampp\htdocs\meroticket\app\views\layouts\default.ctp, line 48]
2012-04-12 16:11:54 Debug: Notice (8): Undefined variable: logged_in in [C:\xampp\htdocs\meroticket\app\views\layouts\default.ctp, line 48]
2012-04-12 16:17:17 Debug: Notice (8): Undefined variable: logged_in in [C:\xampp\htdocs\meroticket\app\views\layouts\default.ctp, line 48]
2012-04-12 16:17:21 Debug: Notice (8): Undefined variable: logged_in in [C:\xampp\htdocs\meroticket\app\views\layouts\default.ctp, line 48]
2012-04-12 16:17:26 Debug: Notice (8): Undefined variable: logged_in in [C:\xampp\htdocs\meroticket\app\views\layouts\default.ctp, line 48]
2012-04-12 16:17:34 Debug: Notice (8): Undefined variable: logged_in in [C:\xampp\htdocs\meroticket\app\views\layouts\default.ctp, line 48]
2012-04-12 16:25:19 Debug: Notice (8): Undefined variable: lgin in [C:\xampp\htdocs\meroticket\app\views\users\index.ctp, line 2]
2012-04-12 16:37:25 Debug: Notice (8): Undefined variable: logged_in in [C:\xampp\htdocs\meroticket\app\views\layouts\default.ctp, line 48]
2012-04-13 09:51:49 Debug: Notice (8): Undefined variable: logged_in in [C:\xampp\htdocs\meroticket\app\views\layouts\default.ctp, line 48]
2012-04-13 09:51:50 Debug: Notice (8): Undefined variable: logged_in in [C:\xampp\htdocs\meroticket\app\views\layouts\default.ctp, line 48]
2012-04-13 09:52:01 Debug: Notice (8): Undefined variable: logged_in in [C:\xampp\htdocs\meroticket\app\views\layouts\default.ctp, line 48]
2012-04-15 03:55:03 Debug: Notice (8): Undefined index: url in [C:\xampp\htdocs\meroticket\app\config\bootstrap.php, line 57]
2012-04-15 03:55:03 Debug: Notice (8): Undefined index: url in [C:\xampp\htdocs\meroticket\app\config\bootstrap.php, line 58]
2012-04-15 04:20:11 Debug: Notice (8): Undefined variable: javascript in [C:\xampp\htdocs\meroticket\app\views\layouts\default.ctp, line 34]
2012-04-15 04:23:14 Debug: Notice (8): Undefined variable: javascript in [C:\xampp\htdocs\meroticket\app\views\layouts\default.ctp, line 34]
2012-04-15 04:23:14 Debug: Notice (8): Undefined variable: logged_in in [C:\xampp\htdocs\meroticket\app\views\layouts\default.ctp, line 51]
2012-04-15 04:24:50 Debug: Notice (8): Undefined variable: logged_in in [C:\xampp\htdocs\meroticket\app\views\layouts\default.ctp, line 52]
2012-04-15 04:28:32 Debug: Notice (8): Undefined variable: logged_in in [C:\xampp\htdocs\meroticket\app\views\layouts\default.ctp, line 52]
2012-04-15 04:29:33 Debug: Notice (8): Undefined variable: logged_in in [C:\xampp\htdocs\meroticket\app\views\layouts\default.ctp, line 52]
2012-04-15 04:30:50 Debug: Notice (8): Undefined variable: logged_in in [C:\xampp\htdocs\meroticket\app\views\layouts\default.ctp, line 52]
2012-04-15 04:33:50 Debug: Notice (8): Undefined variable: logged_in in [C:\xampp\htdocs\meroticket\app\views\layouts\default.ctp, line 52]
2012-04-15 04:33:53 Debug: Notice (8): Undefined variable: logged_in in [C:\xampp\htdocs\meroticket\app\views\layouts\default.ctp, line 52]
2012-04-15 04:34:04 Debug: Notice (8): Undefined variable: logged_in in [C:\xampp\htdocs\meroticket\app\views\layouts\default.ctp, line 52]
2012-04-15 04:36:53 Debug: Notice (8): Undefined variable: logged_in in [C:\xampp\htdocs\meroticket\app\views\layouts\default.ctp, line 52]
2012-04-15 04:36:55 Debug: Notice (8): Undefined variable: logged_in in [C:\xampp\htdocs\meroticket\app\views\layouts\default.ctp, line 52]
2012-04-15 04:37:17 Debug: Notice (8): Undefined variable: logged_in in [C:\xampp\htdocs\meroticket\app\views\layouts\default.ctp, line 52]
2012-04-15 04:45:59 Debug: Notice (8): Undefined variable: logged_in in [C:\xampp\htdocs\meroticket\app\views\layouts\default.ctp, line 52]
2012-04-15 04:46:01 Debug: Notice (8): Undefined variable: logged_in in [C:\xampp\htdocs\meroticket\app\views\layouts\default.ctp, line 52]
2012-04-15 04:50:15 Debug: Notice (8): Undefined variable: logged_in in [C:\xampp\htdocs\meroticket\app\views\layouts\default.ctp, line 52]
2012-04-15 05:18:21 Debug: Notice (8): Undefined variable: tinymce in [C:\xampp\htdocs\meroticket\app\views\events\index.ctp, line 12]
2012-04-15 05:19:04 Debug: Notice (8): Undefined variable: tinymce in [C:\xampp\htdocs\meroticket\app\views\events\index.ctp, line 12]
2012-04-15 05:19:06 Debug: Notice (8): Undefined variable: tinymce in [C:\xampp\htdocs\meroticket\app\views\events\index.ctp, line 12]
2012-04-15 05:19:08 Debug: Notice (8): Undefined variable: tinymce in [C:\xampp\htdocs\meroticket\app\views\events\index.ctp, line 12]
2012-04-15 05:20:19 Debug: Notice (8): Undefined variable: logged_in in [C:\xampp\htdocs\meroticket\app\views\layouts\default.ctp, line 52]
2012-04-15 05:20:19 Debug: Notice (8): Undefined variable: logged_in in [C:\xampp\htdocs\meroticket\app\views\layouts\default.ctp, line 52]
2012-04-15 05:25:00 Debug: Notice (8): Undefined variable: logged_in in [C:\xampp\htdocs\meroticket\app\views\layouts\default.ctp, line 52]
2012-04-15 05:25:00 Debug: Notice (8): Undefined variable: logged_in in [C:\xampp\htdocs\meroticket\app\views\layouts\default.ctp, line 52]
2012-04-15 05:27:08 Debug: Notice (8): Undefined variable: logged_in in [C:\xampp\htdocs\meroticket\app\views\layouts\default.ctp, line 52]
2012-04-15 05:27:08 Debug: Notice (8): Undefined variable: logged_in in [C:\xampp\htdocs\meroticket\app\views\layouts\default.ctp, line 52]
2012-04-15 05:29:01 Debug: Notice (8): Undefined variable: logged_in in [C:\xampp\htdocs\meroticket\app\views\layouts\default.ctp, line 52]
2012-04-15 05:29:01 Debug: Notice (8): Undefined variable: logged_in in [C:\xampp\htdocs\meroticket\app\views\layouts\default.ctp, line 52]
2012-04-15 07:06:18 Debug: Notice (8): Undefined variable: logged_in in [C:\xampp\htdocs\meroticket\app\views\layouts\default.ctp, line 52]
2012-04-15 07:06:18 Debug: Notice (8): Undefined variable: logged_in in [C:\xampp\htdocs\meroticket\app\views\layouts\default.ctp, line 52]
2012-04-15 07:08:12 Debug: Notice (8): Undefined variable: logged_in in [C:\xampp\htdocs\meroticket\app\views\layouts\default.ctp, line 52]
2012-04-15 07:08:12 Debug: Notice (8): Undefined variable: logged_in in [C:\xampp\htdocs\meroticket\app\views\layouts\default.ctp, line 52]
2012-04-15 07:08:24 Debug: Notice (8): Undefined variable: logged_in in [C:\xampp\htdocs\meroticket\app\views\layouts\default.ctp, line 52]
2012-04-15 07:08:24 Debug: Notice (8): Undefined variable: logged_in in [C:\xampp\htdocs\meroticket\app\views\layouts\default.ctp, line 52]
2012-04-15 07:13:22 Debug: Notice (8): Undefined variable: logged_in in [C:\xampp\htdocs\meroticket\app\views\layouts\default.ctp, line 52]
2012-04-15 07:13:22 Debug: Notice (8): Undefined variable: logged_in in [C:\xampp\htdocs\meroticket\app\views\layouts\default.ctp, line 52]
2012-04-15 07:14:59 Debug: Notice (8): Undefined variable: logged_in in [C:\xampp\htdocs\meroticket\app\views\layouts\default.ctp, line 52]
2012-04-15 07:15:04 Debug: Notice (8): Undefined variable: logged_in in [C:\xampp\htdocs\meroticket\app\views\layouts\default.ctp, line 52]
2012-04-15 07:15:04 Debug: Notice (8): Undefined variable: logged_in in [C:\xampp\htdocs\meroticket\app\views\layouts\default.ctp, line 52]
2012-04-15 07:15:13 Debug: Notice (8): Undefined variable: logged_in in [C:\xampp\htdocs\meroticket\app\views\layouts\default.ctp, line 52]
2012-04-15 07:15:13 Debug: Notice (8): Undefined variable: logged_in in [C:\xampp\htdocs\meroticket\app\views\layouts\default.ctp, line 52]
2012-04-15 07:15:49 Debug: Notice (8): Undefined variable: logged_in in [C:\xampp\htdocs\meroticket\app\views\layouts\default.ctp, line 52]
2012-04-15 07:15:50 Debug: Notice (8): Undefined variable: logged_in in [C:\xampp\htdocs\meroticket\app\views\layouts\default.ctp, line 52]
2012-04-15 07:16:42 Debug: Notice (8): Undefined variable: logged_in in [C:\xampp\htdocs\meroticket\app\views\layouts\default.ctp, line 52]
2012-04-15 07:16:42 Debug: Notice (8): Undefined variable: logged_in in [C:\xampp\htdocs\meroticket\app\views\layouts\default.ctp, line 52]
2012-04-15 07:16:48 Debug: Notice (8): Undefined variable: logged_in in [C:\xampp\htdocs\meroticket\app\views\layouts\default.ctp, line 52]
2012-04-15 07:16:48 Debug: Notice (8): Undefined variable: logged_in in [C:\xampp\htdocs\meroticket\app\views\layouts\default.ctp, line 52]
2012-04-15 07:17:05 Debug: Notice (8): Undefined variable: logged_in in [C:\xampp\htdocs\meroticket\app\views\layouts\default.ctp, line 52]
2012-04-15 07:17:05 Debug: Notice (8): Undefined variable: logged_in in [C:\xampp\htdocs\meroticket\app\views\layouts\default.ctp, line 52]
2012-04-15 07:17:08 Debug: Notice (8): Undefined variable: logged_in in [C:\xampp\htdocs\meroticket\app\views\layouts\default.ctp, line 51]
2012-04-15 07:17:09 Debug: Notice (8): Undefined variable: logged_in in [C:\xampp\htdocs\meroticket\app\views\layouts\default.ctp, line 51]
2012-04-15 07:17:40 Debug: Notice (8): Undefined variable: logged_in in [C:\xampp\htdocs\meroticket\app\views\layouts\default.ctp, line 51]
2012-04-15 07:17:40 Debug: Notice (8): Undefined variable: logged_in in [C:\xampp\htdocs\meroticket\app\views\layouts\default.ctp, line 51]
2012-04-15 07:17:49 Debug: Notice (8): Undefined variable: logged_in in [C:\xampp\htdocs\meroticket\app\views\layouts\default.ctp, line 51]
2012-04-15 07:17:49 Debug: Notice (8): Undefined variable: logged_in in [C:\xampp\htdocs\meroticket\app\views\layouts\default.ctp, line 51]
2012-04-15 07:22:30 Debug: Notice (8): Undefined variable: logged_in in [C:\xampp\htdocs\meroticket\app\views\layouts\default.ctp, line 51]
2012-04-15 07:22:43 Debug: Notice (8): Undefined variable: logged_in in [C:\xampp\htdocs\meroticket\app\views\layouts\default.ctp, line 51]
2012-04-15 07:26:11 Debug: Notice (8): Undefined variable: logged_in in [C:\xampp\htdocs\meroticket\app\views\layouts\default.ctp, line 51]
2012-04-15 07:26:43 Debug: Notice (8): Undefined variable: logged_in in [C:\xampp\htdocs\meroticket\app\views\layouts\default.ctp, line 51]
2012-04-15 07:26:43 Debug: Notice (8): Undefined variable: logged_in in [C:\xampp\htdocs\meroticket\app\views\layouts\default.ctp, line 51]
2012-04-15 07:29:16 Debug: Notice (8): Undefined variable: logged_in in [C:\xampp\htdocs\meroticket\app\views\layouts\default.ctp, line 52]
2012-04-15 07:29:17 Debug: Notice (8): Undefined variable: logged_in in [C:\xampp\htdocs\meroticket\app\views\layouts\default.ctp, line 52]
2012-04-15 08:27:42 Debug: Notice (8): Undefined variable: logged_in in [C:\xampp\htdocs\meroticket\app\views\layouts\default.ctp, line 51]
2012-04-15 08:30:04 Debug: Notice (8): Undefined variable: logged_in in [C:\xampp\htdocs\meroticket\app\views\layouts\default.ctp, line 49]
2012-04-15 11:45:26 Debug: Notice (8): Undefined property: View::$Session in [C:\xampp\htdocs\meroticket\app\views\layouts\default.ctp, line 68]
2012-04-15 11:45:50 Debug: Notice (8): Undefined property: View::$Session in [C:\xampp\htdocs\meroticket\app\views\layouts\default.ctp, line 69]
2012-04-15 11:46:13 Debug: Notice (8): Undefined property: View::$Session in [C:\xampp\htdocs\meroticket\app\views\layouts\default.ctp, line 67]
2012-04-15 11:46:15 Debug: Notice (8): Undefined property: View::$Session in [C:\xampp\htdocs\meroticket\app\views\layouts\default.ctp, line 67]
2012-04-15 11:46:25 Debug: Notice (8): Undefined property: View::$Session in [C:\xampp\htdocs\meroticket\app\views\layouts\default.ctp, line 67]
2012-04-15 11:49:18 Debug: Notice (8): Undefined property: View::$Session in [C:\xampp\htdocs\meroticket\app\views\layouts\default.ctp, line 67]
2012-04-15 11:56:13 Debug: Notice (8): Undefined variable: links in [C:\xampp\htdocs\meroticket\app\controllers\events_controller.php, line 16]
2012-04-15 12:00:11 Debug: Notice (8): Undefined variable: html in [C:\xampp\htdocs\meroticket\app\controllers\events_controller.php, line 16]
2012-04-15 12:00:11 Debug: Notice (8): Trying to get property of non-object in [C:\xampp\htdocs\meroticket\app\controllers\events_controller.php, line 16]
2012-04-15 12:00:40 Debug: Notice (8): Undefined property: HtmlHelper::$link in [C:\xampp\htdocs\meroticket\app\views\events\index.ctp, line 9]
2012-04-15 12:02:51 Debug: Notice (8): Undefined variable: logged_in in [C:\xampp\htdocs\meroticket\app\views\layouts\default.ctp, line 60]
2012-04-15 12:03:00 Debug: Notice (8): Undefined variable: logged_in in [C:\xampp\htdocs\meroticket\app\views\layouts\default.ctp, line 60]
2012-04-15 12:03:05 Debug: Notice (8): Undefined variable: logged_in in [C:\xampp\htdocs\meroticket\app\views\layouts\default.ctp, line 60]
2012-04-15 12:03:13 Debug: Notice (8): Undefined variable: logged_in in [C:\xampp\htdocs\meroticket\app\views\layouts\default.ctp, line 60]
2012-04-15 12:03:18 Debug: Notice (8): Undefined variable: logged_in in [C:\xampp\htdocs\meroticket\app\views\layouts\default.ctp, line 60]
2012-04-15 12:03:29 Debug: Notice (8): Undefined variable: logged_in in [C:\xampp\htdocs\meroticket\app\views\layouts\default.ctp, line 60]
2012-04-15 12:03:55 Debug: Notice (8): Undefined variable: logged_in in [C:\xampp\htdocs\meroticket\app\views\layouts\default.ctp, line 60]
2012-04-15 12:05:48 Debug: Notice (8): Undefined variable: logged_in in [C:\xampp\htdocs\meroticket\app\views\layouts\default.ctp, line 47]
2012-04-15 12:05:48 Debug: Notice (8): Undefined variable: logged_in in [C:\xampp\htdocs\meroticket\app\views\layouts\default.ctp, line 62]
2012-04-15 12:05:53 Debug: Notice (8): Undefined variable: logged_in in [C:\xampp\htdocs\meroticket\app\views\layouts\default.ctp, line 47]
2012-04-15 12:05:53 Debug: Notice (8): Undefined variable: logged_in in [C:\xampp\htdocs\meroticket\app\views\layouts\default.ctp, line 62]
2012-04-15 12:08:23 Debug: Notice (8): Undefined variable: logged_in in [C:\xampp\htdocs\meroticket\app\views\layouts\default.ctp, line 47]
2012-04-15 12:08:23 Debug: Notice (8): Undefined variable: logged_in in [C:\xampp\htdocs\meroticket\app\views\layouts\default.ctp, line 62]
2012-04-15 12:19:38 Debug: Notice (8): Undefined variable: logged_in in [C:\xampp\htdocs\meroticket\app\views\layouts\default.ctp, line 47]
2012-04-15 12:19:38 Debug: Notice (8): Undefined variable: logged_in in [C:\xampp\htdocs\meroticket\app\views\layouts\default.ctp, line 62]
2012-04-15 12:22:08 Debug: Notice (8): Undefined index: url in [C:\xampp\htdocs\meroticket\app\config\bootstrap.php, line 57]
2012-04-15 12:22:08 Debug: Notice (8): Undefined index: url in [C:\xampp\htdocs\meroticket\app\config\bootstrap.php, line 58]
2012-04-15 12:22:14 Debug: Notice (8): Undefined index: url in [C:\xampp\htdocs\meroticket\app\config\bootstrap.php, line 57]
2012-04-15 12:22:14 Debug: Notice (8): Undefined index: url in [C:\xampp\htdocs\meroticket\app\config\bootstrap.php, line 58]
2012-04-15 12:35:34 Debug: Notice (8): Undefined variable: logged_in in [C:\xampp\htdocs\meroticket\app\views\layouts\default.ctp, line 47]
2012-04-15 12:35:34 Debug: Notice (8): Undefined variable: logged_in in [C:\xampp\htdocs\meroticket\app\views\layouts\default.ctp, line 62]
2012-04-15 12:36:08 Debug: Notice (8): Undefined variable: logged_in in [C:\xampp\htdocs\meroticket\app\views\layouts\default.ctp, line 47]
2012-04-15 12:36:08 Debug: Notice (8): Undefined variable: logged_in in [C:\xampp\htdocs\meroticket\app\views\layouts\default.ctp, line 62]
2012-04-15 12:36:19 Debug: Notice (8): Undefined variable: logged_in in [C:\xampp\htdocs\meroticket\app\views\layouts\default.ctp, line 47]
2012-04-15 12:36:19 Debug: Notice (8): Undefined variable: logged_in in [C:\xampp\htdocs\meroticket\app\views\layouts\default.ctp, line 62]
2012-04-15 12:36:43 Debug: Notice (8): Undefined variable: logged_in in [C:\xampp\htdocs\meroticket\app\views\layouts\default.ctp, line 47]
2012-04-15 12:36:43 Debug: Notice (8): Undefined variable: logged_in in [C:\xampp\htdocs\meroticket\app\views\layouts\default.ctp, line 62]
2012-04-15 12:36:56 Debug: Notice (8): Undefined variable: logged_in in [C:\xampp\htdocs\meroticket\app\views\layouts\default.ctp, line 47]
2012-04-15 12:36:56 Debug: Notice (8): Undefined variable: logged_in in [C:\xampp\htdocs\meroticket\app\views\layouts\default.ctp, line 62]
2012-04-15 12:37:22 Debug: Notice (8): Undefined variable: logged_in in [C:\xampp\htdocs\meroticket\app\views\layouts\default.ctp, line 47]
2012-04-15 12:37:22 Debug: Notice (8): Undefined variable: logged_in in [C:\xampp\htdocs\meroticket\app\views\layouts\default.ctp, line 62]
2012-04-15 12:43:34 Debug: Notice (8): Undefined variable: logged_in in [C:\xampp\htdocs\meroticket\app\views\layouts\default.ctp, line 47]
2012-04-15 12:43:34 Debug: Notice (8): Undefined variable: logged_in in [C:\xampp\htdocs\meroticket\app\views\layouts\default.ctp, line 62]
2012-04-15 13:06:53 Debug: Notice (8): Undefined variable: logged_in in [C:\xampp\htdocs\meroticket\app\views\layouts\default.ctp, line 47]
2012-04-15 13:06:53 Debug: Notice (8): Undefined variable: logged_in in [C:\xampp\htdocs\meroticket\app\views\layouts\default.ctp, line 62]
2012-04-15 13:46:57 Debug: Notice (8): Undefined variable: logged_in in [C:\xampp\htdocs\meroticket\app\views\layouts\default.ctp, line 47]
2012-04-15 13:46:57 Debug: Notice (8): Undefined variable: logged_in in [C:\xampp\htdocs\meroticket\app\views\layouts\default.ctp, line 62]
2012-04-15 13:47:35 Debug: Notice (8): Undefined variable: logged_in in [C:\xampp\htdocs\meroticket\app\views\layouts\default.ctp, line 47]
2012-04-15 13:47:35 Debug: Notice (8): Undefined variable: logged_in in [C:\xampp\htdocs\meroticket\app\views\layouts\default.ctp, line 62]
2012-04-15 14:23:58 Debug: Notice (8): Undefined variable: logged_in in [C:\xampp\htdocs\meroticket\app\views\layouts\default.ctp, line 47]
2012-04-15 14:23:58 Debug: Notice (8): Undefined variable: logged_in in [C:\xampp\htdocs\meroticket\app\views\layouts\default.ctp, line 62]
2012-04-15 16:43:32 Debug: Notice (8): Undefined property: FormHelper::$input in [C:\xampp\htdocs\meroticket\app\views\tickets\index.ctp, line 5]
2012-04-15 16:44:43 Debug: Notice (8): Undefined variable: val in [C:\xampp\htdocs\meroticket\app\views\tickets\index.ctp, line 5]
2012-04-15 16:44:43 Debug: Notice (8): Trying to get property of non-object in [C:\xampp\htdocs\meroticket\app\views\tickets\index.ctp, line 5]
2012-04-15 17:35:56 Debug: Notice (8): Undefined index: url in [C:\xampp\htdocs\meroticket\app\config\bootstrap.php, line 57]
2012-04-15 17:35:56 Debug: Notice (8): Undefined index: url in [C:\xampp\htdocs\meroticket\app\config\bootstrap.php, line 58]
2012-04-15 17:35:58 Debug: Notice (8): Undefined variable: logged_in in [C:\xampp\htdocs\meroticket\app\views\layouts\default.ctp, line 48]
2012-04-15 17:36:14 Debug: Notice (8): Undefined variable: logged_in in [C:\xampp\htdocs\meroticket\app\views\layouts\default.ctp, line 48]
2012-04-15 17:36:28 Debug: Notice (8): Undefined variable: logged_in in [C:\xampp\htdocs\meroticket\app\views\layouts\default.ctp, line 48]
