2012-04-05 03:24:24 Warning: Warning (512): <span style="color:Red;text-align:left"><b>SQL Error:</b> 1054: Unknown column 'User.id' in 'where clause'</span> in [C:\xampp\htdocs\meroticket\cake\libs\model\datasources\dbo_source.php, line 684]
2012-04-05 03:24:53 Warning: Warning (512): <span style="color:Red;text-align:left"><b>SQL Error:</b> 1054: Unknown column 'User.id' in 'where clause'</span> in [C:\xampp\htdocs\meroticket\cake\libs\model\datasources\dbo_source.php, line 684]
2012-04-05 03:25:12 Warning: Warning (512): <span style="color:Red;text-align:left"><b>SQL Error:</b> 1054: Unknown column 'User.id' in 'where clause'</span> in [C:\xampp\htdocs\meroticket\cake\libs\model\datasources\dbo_source.php, line 684]
2012-04-05 03:26:28 Warning: Warning (512): <span style="color:Red;text-align:left"><b>SQL Error:</b> 1054: Unknown column 'User.id' in 'where clause'</span> in [C:\xampp\htdocs\meroticket\cake\libs\model\datasources\dbo_source.php, line 684]
2012-04-05 03:27:06 Warning: Warning (512): <span style="color:Red;text-align:left"><b>SQL Error:</b> 1054: Unknown column 'User.id' in 'where clause'</span> in [C:\xampp\htdocs\meroticket\cake\libs\model\datasources\dbo_source.php, line 684]
2012-04-05 03:27:26 Warning: Warning (512): <span style="color:Red;text-align:left"><b>SQL Error:</b> 1054: Unknown column 'User.id' in 'where clause'</span> in [C:\xampp\htdocs\meroticket\cake\libs\model\datasources\dbo_source.php, line 684]
2012-04-05 03:33:23 Warning: Warning (512): <span style="color:Red;text-align:left"><b>SQL Error:</b> 1054: Unknown column 'User.id' in 'where clause'</span> in [C:\xampp\htdocs\meroticket\cake\libs\model\datasources\dbo_source.php, line 684]
2012-04-05 03:33:26 Warning: Warning (512): <span style="color:Red;text-align:left"><b>SQL Error:</b> 1054: Unknown column 'User.id' in 'where clause'</span> in [C:\xampp\htdocs\meroticket\cake\libs\model\datasources\dbo_source.php, line 684]
2012-04-05 03:33:31 Warning: Warning (512): <span style="color:Red;text-align:left"><b>SQL Error:</b> 1054: Unknown column 'User.id' in 'where clause'</span> in [C:\xampp\htdocs\meroticket\cake\libs\model\datasources\dbo_source.php, line 684]
2012-04-05 03:34:46 Warning: Warning (512): <span style="color:Red;text-align:left"><b>SQL Error:</b> 1054: Unknown column 'User.id' in 'where clause'</span> in [C:\xampp\htdocs\meroticket\cake\libs\model\datasources\dbo_source.php, line 684]
2012-04-05 03:36:39 Warning: Warning (512): <span style="color:Red;text-align:left"><b>SQL Error:</b> 1054: Unknown column 'User.id' in 'where clause'</span> in [C:\xampp\htdocs\meroticket\cake\libs\model\datasources\dbo_source.php, line 684]
2012-04-05 08:59:28 Warning: Warning (2): htmlentities() [<a href='http://php.net/function.htmlentities'>function.htmlentities</a>]: charset `1' not supported, assuming iso-8859-1 in [C:\xampp\htdocs\meroticket\cake\libs\view\helpers\html.php, line 298]
2012-04-05 08:59:35 Warning: Warning (2): htmlentities() [<a href='http://php.net/function.htmlentities'>function.htmlentities</a>]: charset `1' not supported, assuming iso-8859-1 in [C:\xampp\htdocs\meroticket\cake\libs\view\helpers\html.php, line 298]
2012-04-05 13:44:03 Warning: Warning (2): Invalid argument supplied for foreach() in [C:\xampp\htdocs\meroticket\app\views\users\index.ctp, line 9]
2012-04-06 15:27:24 Warning: Warning (2): Cannot modify header information - headers already sent by (output started at C:\xampp\htdocs\meroticket\app\app_controller.php:24) in [C:\xampp\htdocs\meroticket\cake\libs\controller\controller.php, line 742]
2012-04-06 15:28:11 Warning: Warning (2): Cannot modify header information - headers already sent by (output started at C:\xampp\htdocs\meroticket\app\app_controller.php:24) in [C:\xampp\htdocs\meroticket\cake\libs\controller\controller.php, line 742]
2012-04-06 15:28:33 Warning: Warning (2): hash() [<a href='http://php.net/function.hash'>function.hash</a>]: Unknown hashing algorithm: c74d97b01eae257e44aa9d5bade97baf in [C:\xampp\htdocs\meroticket\cake\libs\security.php, line 142]
2012-04-06 15:28:33 Warning: Warning (2): Cannot modify header information - headers already sent by (output started at C:\xampp\htdocs\meroticket\app\app_controller.php:24) in [C:\xampp\htdocs\meroticket\cake\libs\controller\controller.php, line 742]
2012-04-06 15:28:45 Warning: Warning (2): hash() [<a href='http://php.net/function.hash'>function.hash</a>]: Unknown hashing algorithm: c74d97b01eae257e44aa9d5bade97baf in [C:\xampp\htdocs\meroticket\cake\libs\security.php, line 142]
2012-04-06 15:28:45 Warning: Warning (2): Cannot modify header information - headers already sent by (output started at C:\xampp\htdocs\meroticket\app\app_controller.php:24) in [C:\xampp\htdocs\meroticket\cake\libs\controller\controller.php, line 742]
2012-04-06 15:29:00 Warning: Warning (2): hash() [<a href='http://php.net/function.hash'>function.hash</a>]: Unknown hashing algorithm: c9f0f895fb98ab9159f51fd0297e236d in [C:\xampp\htdocs\meroticket\cake\libs\security.php, line 142]
2012-04-06 15:29:00 Warning: Warning (2): Cannot modify header information - headers already sent by (output started at C:\xampp\htdocs\meroticket\app\app_controller.php:24) in [C:\xampp\htdocs\meroticket\cake\libs\controller\controller.php, line 742]
2012-04-08 02:47:04 Warning: Warning (2): Cannot modify header information - headers already sent by (output started at C:\xampp\htdocs\meroticket\app\app_controller.php:24) in [C:\xampp\htdocs\meroticket\cake\libs\controller\controller.php, line 742]
2012-04-08 07:18:06 Warning: Warning (4096): Object of class FormHelper could not be converted to string in [C:\xampp\htdocs\meroticket\app\views\users\login.ctp, line 5]
2012-04-08 07:18:25 Warning: Warning (4096): Object of class SessionHelper could not be converted to string in [C:\xampp\htdocs\meroticket\app\views\users\login.ctp, line 4]
2012-04-08 07:39:43 Warning: Warning (2): hash() [<a href='http://php.net/function.hash'>function.hash</a>]: Unknown hashing algorithm: c9f0f895fb98ab9159f51fd0297e236d in [C:\xampp\htdocs\meroticket\cake\libs\security.php, line 142]
2012-04-08 07:41:22 Warning: Warning (2): hash() [<a href='http://php.net/function.hash'>function.hash</a>]: Unknown hashing algorithm: c9f0f895fb98ab9159f51fd0297e236d in [C:\xampp\htdocs\meroticket\cake\libs\security.php, line 142]
2012-04-08 08:03:20 Warning: Warning (2): hash() [<a href='http://php.net/function.hash'>function.hash</a>]: Unknown hashing algorithm: c9f0f895fb98ab9159f51fd0297e236d in [C:\xampp\htdocs\meroticket\cake\libs\security.php, line 142]
2012-04-08 08:07:02 Warning: Warning (2): hash() [<a href='http://php.net/function.hash'>function.hash</a>]: Unknown hashing algorithm: c9f0f895fb98ab9159f51fd0297e236d in [C:\xampp\htdocs\meroticket\cake\libs\security.php, line 142]
2012-04-08 08:11:14 Warning: Warning (2): hash() [<a href='http://php.net/function.hash'>function.hash</a>]: Unknown hashing algorithm: c9f0f895fb98ab9159f51fd0297e236d in [C:\xampp\htdocs\meroticket\cake\libs\security.php, line 142]
2012-04-08 08:12:27 Warning: Warning (2): hash() [<a href='http://php.net/function.hash'>function.hash</a>]: Unknown hashing algorithm: c9f0f895fb98ab9159f51fd0297e236d in [C:\xampp\htdocs\meroticket\cake\libs\security.php, line 142]
2012-04-08 08:14:41 Warning: Warning (2): hash() [<a href='http://php.net/function.hash'>function.hash</a>]: Unknown hashing algorithm: c9f0f895fb98ab9159f51fd0297e236d in [C:\xampp\htdocs\meroticket\cake\libs\security.php, line 142]
2012-04-08 08:15:13 Warning: Warning (2): hash() [<a href='http://php.net/function.hash'>function.hash</a>]: Unknown hashing algorithm: c9f0f895fb98ab9159f51fd0297e236d in [C:\xampp\htdocs\meroticket\cake\libs\security.php, line 142]
2012-04-08 08:15:21 Warning: Warning (2): hash() [<a href='http://php.net/function.hash'>function.hash</a>]: Unknown hashing algorithm: c9f0f895fb98ab9159f51fd0297e236d in [C:\xampp\htdocs\meroticket\cake\libs\security.php, line 142]
2012-04-08 08:16:17 Warning: Warning (2): hash() [<a href='http://php.net/function.hash'>function.hash</a>]: Unknown hashing algorithm: c9f0f895fb98ab9159f51fd0297e236d in [C:\xampp\htdocs\meroticket\cake\libs\security.php, line 142]
2012-04-08 12:01:19 Warning: Warning (2): preg_match() [<a href='http://php.net/function.preg-match'>function.preg-match</a>]: Unknown modifier '(' in [C:\xampp\htdocs\meroticket\cake\libs\model\model.php, line 2619]
2012-04-08 12:01:28 Warning: Warning (2): preg_match() [<a href='http://php.net/function.preg-match'>function.preg-match</a>]: Unknown modifier '(' in [C:\xampp\htdocs\meroticket\cake\libs\model\model.php, line 2619]
2012-04-08 12:52:48 Warning: Warning (512): <span style="color:Red;text-align:left"><b>SQL Error:</b> 1064: You have an error in your SQL syntax; check the manual that corresponds to your MySQL server version for the right syntax to use near '= 'shrijan' AND .u_Lname = ''' at line 1</span> in [C:\xampp\htdocs\meroticket\cake\libs\model\datasources\dbo_source.php, line 684]
2012-04-08 12:54:07 Warning: Warning (512): <span style="color:Red;text-align:left"><b>SQL Error:</b> 1064: You have an error in your SQL syntax; check the manual that corresponds to your MySQL server version for the right syntax to use near '= 'shrijan' AND .u_Lname = ''' at line 1</span> in [C:\xampp\htdocs\meroticket\cake\libs\model\datasources\dbo_source.php, line 684]
2012-04-08 12:54:21 Warning: Warning (512): <span style="color:Red;text-align:left"><b>SQL Error:</b> 1054: Unknown column 'Array.u_Fname' in 'where clause'</span> in [C:\xampp\htdocs\meroticket\cake\libs\model\datasources\dbo_source.php, line 684]
2012-04-08 12:55:01 Warning: Warning (512): <span style="color:Red;text-align:left"><b>SQL Error:</b> 1064: You have an error in your SQL syntax; check the manual that corresponds to your MySQL server version for the right syntax to use near '= 'shrijan' AND .u_Lname = ''' at line 1</span> in [C:\xampp\htdocs\meroticket\cake\libs\model\datasources\dbo_source.php, line 684]
2012-04-08 12:55:16 Warning: Warning (512): <span style="color:Red;text-align:left"><b>SQL Error:</b> 1064: You have an error in your SQL syntax; check the manual that corresponds to your MySQL server version for the right syntax to use near '= 'shrijan' AND .u_Lname = ''' at line 1</span> in [C:\xampp\htdocs\meroticket\cake\libs\model\datasources\dbo_source.php, line 684]
2012-04-08 12:55:19 Warning: Warning (512): <span style="color:Red;text-align:left"><b>SQL Error:</b> 1064: You have an error in your SQL syntax; check the manual that corresponds to your MySQL server version for the right syntax to use near '= 'shrijan' AND .u_Lname = ''' at line 1</span> in [C:\xampp\htdocs\meroticket\cake\libs\model\datasources\dbo_source.php, line 684]
2012-04-08 12:55:33 Warning: Warning (512): <span style="color:Red;text-align:left"><b>SQL Error:</b> 1064: You have an error in your SQL syntax; check the manual that corresponds to your MySQL server version for the right syntax to use near '= 'shrijan' AND .u_Lname = ''' at line 1</span> in [C:\xampp\htdocs\meroticket\cake\libs\model\datasources\dbo_source.php, line 684]
2012-04-08 12:55:51 Warning: Warning (512): <span style="color:Red;text-align:left"><b>SQL Error:</b> 1064: You have an error in your SQL syntax; check the manual that corresponds to your MySQL server version for the right syntax to use near '= 'shrijan' AND .u_Lname = ''' at line 1</span> in [C:\xampp\htdocs\meroticket\cake\libs\model\datasources\dbo_source.php, line 684]
2012-04-08 12:56:23 Warning: Warning (512): <span style="color:Red;text-align:left"><b>SQL Error:</b> 1064: You have an error in your SQL syntax; check the manual that corresponds to your MySQL server version for the right syntax to use near '= 'shrijan' AND .u_Lname = ''' at line 1</span> in [C:\xampp\htdocs\meroticket\cake\libs\model\datasources\dbo_source.php, line 684]
2012-04-08 12:56:54 Warning: Warning (512): <span style="color:Red;text-align:left"><b>SQL Error:</b> 1064: You have an error in your SQL syntax; check the manual that corresponds to your MySQL server version for the right syntax to use near '= 'shrijan' AND .u_Lname = ''' at line 1</span> in [C:\xampp\htdocs\meroticket\cake\libs\model\datasources\dbo_source.php, line 684]
2012-04-08 12:57:06 Warning: Warning (512): <span style="color:Red;text-align:left"><b>SQL Error:</b> 1064: You have an error in your SQL syntax; check the manual that corresponds to your MySQL server version for the right syntax to use near '= 'shrijan' AND .u_Lname = ''' at line 1</span> in [C:\xampp\htdocs\meroticket\cake\libs\model\datasources\dbo_source.php, line 684]
2012-04-08 12:57:25 Warning: Warning (512): <span style="color:Red;text-align:left"><b>SQL Error:</b> 1064: You have an error in your SQL syntax; check the manual that corresponds to your MySQL server version for the right syntax to use near '= 'shrijan' AND .u_Lname = ''' at line 1</span> in [C:\xampp\htdocs\meroticket\cake\libs\model\datasources\dbo_source.php, line 684]
2012-04-08 13:47:20 Warning: Warning (2): array_key_exists() expects exactly 2 parameters, 1 given in [C:\xampp\htdocs\meroticket\app\controllers\users_controller.php, line 46]
2012-04-09 15:11:22 Warning: Warning (2): Cannot modify header information - headers already sent by (output started at C:\xampp\htdocs\meroticket\app\app_controller.php:26) in [C:\xampp\htdocs\meroticket\cake\libs\controller\controller.php, line 742]
2012-04-09 15:12:18 Warning: Warning (2): Cannot modify header information - headers already sent by (output started at C:\xampp\htdocs\meroticket\cake\basics.php:376) in [C:\xampp\htdocs\meroticket\cake\libs\controller\controller.php, line 742]
2012-04-12 15:44:32 Warning: Warning (2): Missing argument 1 for SessionComponent::check(), called in C:\xampp\htdocs\meroticket\app\controllers\users_controller.php on line 30 and defined in [C:\xampp\htdocs\meroticket\cake\libs\controller\components\session.php, line 171]
2012-04-13 16:43:33 Warning: Warning (512): <span style="color:Red;text-align:left"><b>SQL Error:</b> 1054: Unknown column 'userbankinfos.user_id' in 'on clause'</span> in [C:\xampp\htdocs\meroticket\cake\libs\model\datasources\dbo_source.php, line 684]
2012-04-13 16:43:42 Warning: Warning (512): <span style="color:Red;text-align:left"><b>SQL Error:</b> 1054: Unknown column 'userbankinfos.user_id' in 'on clause'</span> in [C:\xampp\htdocs\meroticket\cake\libs\model\datasources\dbo_source.php, line 684]
2012-04-13 16:43:50 Warning: Warning (512): <span style="color:Red;text-align:left"><b>SQL Error:</b> 1054: Unknown column 'userbankinfos.user_id' in 'on clause'</span> in [C:\xampp\htdocs\meroticket\cake\libs\model\datasources\dbo_source.php, line 684]
2012-04-13 16:45:33 Warning: Warning (512): <span style="color:Red;text-align:left"><b>SQL Error:</b> 1054: Unknown column 'userbankinfos.user_id' in 'on clause'</span> in [C:\xampp\htdocs\meroticket\cake\libs\model\datasources\dbo_source.php, line 684]
2012-04-15 03:55:10 Warning: Warning (512): <span style="color:Red;text-align:left"><b>SQL Error:</b> 1054: Unknown column 'Event.id' in 'field list'</span> in [C:\xampp\htdocs\meroticket\cake\libs\model\datasources\dbo_source.php, line 684]
2012-04-15 04:24:01 Warning: Warning (4096): Object of class JavascriptHelper could not be converted to string in [C:\xampp\htdocs\meroticket\app\views\layouts\default.ctp, line 34]
2012-04-15 04:50:49 Warning: Warning (512): Method TinyMceHelper::link does not exist in [C:\xampp\htdocs\meroticket\cake\libs\view\helper.php, line 154]
2012-04-15 04:50:49 Warning: Warning (512): Method JavascriptHelper::link does not exist in [C:\xampp\htdocs\meroticket\cake\libs\view\helper.php, line 154]
2012-04-15 05:00:39 Warning: Warning (512): Method TinyMceHelper::link does not exist in [C:\xampp\htdocs\meroticket\cake\libs\view\helper.php, line 154]
2012-04-15 05:00:39 Warning: Warning (512): Method JavascriptHelper::link does not exist in [C:\xampp\htdocs\meroticket\cake\libs\view\helper.php, line 154]
2012-04-15 05:01:30 Warning: Warning (512): Method TinyMceHelper::link does not exist in [C:\xampp\htdocs\meroticket\cake\libs\view\helper.php, line 154]
2012-04-15 05:01:30 Warning: Warning (512): Method JavascriptHelper::link does not exist in [C:\xampp\htdocs\meroticket\cake\libs\view\helper.php, line 154]
2012-04-15 05:03:14 Warning: Warning (512): Method TinyMceHelper::link does not exist in [C:\xampp\htdocs\meroticket\cake\libs\view\helper.php, line 154]
2012-04-15 05:03:14 Warning: Warning (512): Method JavascriptHelper::link does not exist in [C:\xampp\htdocs\meroticket\cake\libs\view\helper.php, line 154]
2012-04-15 05:03:17 Warning: Warning (512): Method TinyMceHelper::link does not exist in [C:\xampp\htdocs\meroticket\cake\libs\view\helper.php, line 154]
2012-04-15 05:03:17 Warning: Warning (512): Method JavascriptHelper::link does not exist in [C:\xampp\htdocs\meroticket\cake\libs\view\helper.php, line 154]
2012-04-15 05:03:26 Warning: Warning (512): Method TinyMceHelper::link does not exist in [C:\xampp\htdocs\meroticket\cake\libs\view\helper.php, line 154]
2012-04-15 05:03:26 Warning: Warning (512): Method JavascriptHelper::link does not exist in [C:\xampp\htdocs\meroticket\cake\libs\view\helper.php, line 154]
2012-04-15 05:03:28 Warning: Warning (512): Method TinyMceHelper::link does not exist in [C:\xampp\htdocs\meroticket\cake\libs\view\helper.php, line 154]
2012-04-15 05:03:28 Warning: Warning (512): Method JavascriptHelper::link does not exist in [C:\xampp\htdocs\meroticket\cake\libs\view\helper.php, line 154]
2012-04-15 05:15:01 Warning: Warning (512): Method JavascriptHelper::link does not exist in [C:\xampp\htdocs\meroticket\cake\libs\view\helper.php, line 154]
2012-04-15 05:20:19 Warning: Warning (512): Method TinyMceHelper::__name does not exist in [C:\xampp\htdocs\meroticket\cake\libs\view\helper.php, line 154]
2012-04-16 09:14:51 Warning: Warning (2): Cannot modify header information - headers already sent by (output started at C:\xampp\htdocs\meroticket\cake\libs\debugger.php:683) in [C:\xampp\htdocs\meroticket\cake\libs\controller\controller.php, line 742]
2012-04-16 09:16:26 Warning: Warning (2): Cannot modify header information - headers already sent by (output started at C:\xampp\htdocs\meroticket\cake\libs\debugger.php:683) in [C:\xampp\htdocs\meroticket\cake\libs\controller\controller.php, line 742]
2012-04-16 09:16:30 Warning: Warning (2): Cannot modify header information - headers already sent by (output started at C:\xampp\htdocs\meroticket\cake\libs\debugger.php:683) in [C:\xampp\htdocs\meroticket\cake\libs\controller\controller.php, line 742]
2012-04-16 09:17:25 Warning: Warning (2): Cannot modify header information - headers already sent by (output started at C:\xampp\htdocs\meroticket\cake\libs\debugger.php:683) in [C:\xampp\htdocs\meroticket\cake\libs\controller\controller.php, line 742]
2012-04-16 09:17:33 Warning: Warning (2): Cannot modify header information - headers already sent by (output started at C:\xampp\htdocs\meroticket\cake\libs\debugger.php:683) in [C:\xampp\htdocs\meroticket\cake\libs\controller\controller.php, line 742]
2012-04-16 09:27:15 Warning: Warning (512): Could not find validation handler Number for price in [C:\xampp\htdocs\meroticket\cake\libs\model\model.php, line 2621]
2012-04-16 09:27:15 Warning: Warning (2): preg_match() [<a href='http://php.net/function.preg-match'>function.preg-match</a>]: Delimiter must not be alphanumeric or backslash in [C:\xampp\htdocs\meroticket\cake\libs\model\model.php, line 2619]
2012-04-16 09:27:43 Warning: Warning (2): preg_match() [<a href='http://php.net/function.preg-match'>function.preg-match</a>]: Delimiter must not be alphanumeric or backslash in [C:\xampp\htdocs\meroticket\cake\libs\model\model.php, line 2619]
2012-04-16 09:28:01 Warning: Warning (2): preg_match() [<a href='http://php.net/function.preg-match'>function.preg-match</a>]: Delimiter must not be alphanumeric or backslash in [C:\xampp\htdocs\meroticket\cake\libs\model\model.php, line 2619]
2012-04-16 16:51:35 Warning: Warning (4096): Object of class HtmlHelper could not be converted to string in [C:\xampp\htdocs\meroticket\app\views\events\admin_index.ctp, line 12]
2012-04-16 16:51:55 Warning: Warning (4096): Object of class HtmlHelper could not be converted to string in [C:\xampp\htdocs\meroticket\app\views\events\admin_index.ctp, line 12]
